the 342
of 220
and 125
in 77
is 67
to 67
that 48
by 44
this 35
valentinus 35
be 29
it 29
as 27
gnostic 26
from 24
for 23
world 22
gnosis 21
was 20
have 19
his 19
human 19
one 18
or 18
we 18
not 17
great 15
but 14
with 14
being 13
he 13
our 13
what 13
which 13
all 12
are 12
can 12
been 11
soul 11
an 10
called 10
might 10
redemption 10
sacrament 10
so 10
system 10
need 9
spiritual 9
thus 9
us 9
valentinian 9
bridal 8
chamber 8
into 8
lives 8
man 8
mind 8
only 8
could 7
created 7
its 7
jesus 7
life 7
psychological 7
self 7
when 7
defect 6
even 6
existential 6
has 6
ignorance 6
inner 6
itself 6
most 6
original 6
spirit 6
their 6
two 6
wholeness 6
within 6
also 5
christian 5
church 5
god 5
gospel 5
guilt 5
indeed 5
integrity 5
knowledge 5
live 5
many 5
much 5
must 5
orthodox 5
other 5
pneumatic 5
sacraments 5
sickness 5
there 5
these 5
through 5
true 5
union 5
who 5
would 5
abstract 4
at 4
condition 4
creation 4
creator 4
death 4
dichotomy 4
every 4
following 4
healing 4
humanity 4
lacking 4
lost 4
make 4
message 4
no 4
personal 4
poetic 4
proposition 4
rather 4
redeemed 4
rome 4
saviour 4
then 4
understood 4
well 4
whole 4
word 4
worship 4
wrong 4
you 4
above 3
according 3
almost 3
among 3
apolytrosis 3
archive 3
authentic 3
bishop 3
body 3
brings 3
christianity 3
contribution 3
cosmic 3
does 3
easily 3
ego 3
essential 3
existence 3
false 3
female 3
first 3
flawed 3
form 3
gnosticism 3
gnostics 3
greatest 3
had 3
himself 3
hope 3
however 3
if 3
individual 3
irenaeus 3
library 3
male 3
material 3
may 3
meaning 3
mentions 3
more 3
myth 3
ones 3
part 3
philip 3
pleroma 3
pneuma 3
present 3
psyche 3
quispel 3
reality 3
recognize 3
redemptive 3
restoration 3
rites 3
role 3
sin 3
society 3
some 3
state 3
such 3
tertullian 3
they 3
unauthentic 3
values 3
very 3
view 3
way 3
were 3
while 3
about 2
act 2
address 2
adv 2
age 2
am 2
approach 2
around 2
beauty 2
becoming 2
before 2
best 2
bookstore 2
both 2
brief 2
brought 2
buddha 2
caused 2
certainly 2
character 2
christ 2
christians 2
community 2
concerning 2
conclude 2
confined 2
considered 2
contemporary 2
cosmogony 2
courage 2
course 2
derived 2
devoted 2
devotion 2
direct 2
disruption 2
divisions 2
ecclesia 2
either 2
embrace 2
enlightenment 2
equation 2
equivalent 2
established 2
evidence 2
exposition 2
eyes 2
fabric 2
fact 2
faith 2
far 2
father 2
fault 2
followers 2
foregoing 2
formulae 2
formulation 2
generally 2
gnostica 2
gods 2
haer 2
healed 2
healer 2
health 2
her 2
here 2
highest 2
him 2
history 2
ideas 2
image 2
importance 2
index 2
indication 2
individuation 2
information 2
inspiration 2
interest 2
jews 2
jung 2
jungian 2
kosmos 2
lectures 2
logion 2
maker 2
matters 2
mead 2
means 2
men 2
minds 2
mythologems 2
name 2
nature 2
needs 2
noted 2
numerous 2
objective 2
office 2
on 2
order 2
outer 2
own 2
persons 2
physical 2
pope 2
potential 2
power 2
practice 2
probably 2
process 2
psychic 2
psychology 2
recipients 2
recognition 2
redeem 2
references 2
regarding 2
relevance 2
religious 2
result 2
return 2
rite 2
said 2
salvation 2
say 2
scholar 2
scriptures 2
seasons 2
second 2
shall 2
single 2
somehow 2
sophia 2
soter 2
source 2
statement 2
still 2
sublime 2
summarized 2
survived 2
taken 2
teachers 2
teachings 2
tells 2
terms 2
than 2
theoretical 2
therefore 2
things 2
today 2
traditions 2
truth 2
unified 2
unique 2
used 2
web 2
where 2
wherein 2
whether 2
whom 2
writer 2
writings 2
years 2
abstractions 1
absurd 1
accepting 1
accomplished 1
account 1
accounts 1
accurately 1
achieved 1
acquainted 1
acquire 1
activation 1
addition 1
additional 1
adduced 1
administered 1
advocated 1
aeon 1
affixes 1
africa 1
after 1
again 1
against 1
agencies 1
agency 1
ages 1
alexandria 1
alike 1
alleges 1
allowed 1
alluded 1
alone 1
along 1
always 1
amply 1
analogues 1
analysis 1
ancient 1
anima 1
animus 1
anointing 1
another 1
any 1
anything 1
apokatastasis 1
apostasy 1
apostles 1
apostolic 1
apparent 1
apparently 1
appeared 1
applied 1
appreciate 1
appropriate 1
approximate 1
aright 1
arms 1
article 1
artistic 1
aspects 1
associate 1
associates 1
attachment 1
attachments 1
attempting 1
author 1
authored 1
authoritative 1
baptism 1
based 1
basis 1
became 1
because 1
beckons 1
become 1
becomes 1
beginnings 1
belief 1
believe 1
believer 1
below 1
bequeathed 1
bereft 1
bestowed 1
bestower 1
between 1
beyond 1
blame 1
blasphemy 1
blessing 1
blind 1
bloweth 1
bodhi 1
born 1
bridegroom 1
bringing 1
buddhism 1
call 1
calling 1
calls 1
came 1
candidate 1
cannot 1
carthage 1
case 1
cathars 1
ceases 1
centuries 1
certain 1
changed 1
characteristic 1
characterize 1
characterized 1
chiefly 1
circumstances 1
city 1
claimed 1
clear 1
clearest 1
clearly 1
clime 1
clutches 1
cognition 1
collective 1
combine 1
combined 1
comes 1
comfort 1
common 1
company 1
complementary 1
compulsion 1
concepts 1
condemned 1
conditions 1
confinement 1
confusing 1
connection 1
considerable 1
considerations 1
considers 1
consists 1
consolamentum 1
constant 1
contained 1
content 1
contention 1
context 1
contractual 1
conviction 1
corpus 1
corruptible 1
corrupting 1
cosmogonic 1
create 1
creating 1
creations 1
creative 1
culpa 1
cultures 1
dark 1
debated 1
deceiver 1
deceives 1
deceptive 1
deduce 1
defective 1
degree 1
deliverance 1
demiurge 1
demiurges 1
demonstrate 1
depth 1
desert 1
deterioration 1
devolve 1
dies 1
diminished 1
disciple 1
discomfort 1
discovered 1
disobedience 1
dissolved 1
distance 1
divided 1
divine 1
divinities 1
divinity 1
do 1
doctrines 1
document 1
documents 1
dogmatic 1
don 1
done 1
double 1
doubtless 1
dramatize 1
dualities 1
due 1
during 1
dutch 1
dying 1
early 1
east 1
educated 1
effects 1
efforts 1
egypt 1
elaborate 1
elected 1
election 1
element 1
elements 1
elevate 1
embodied 1
eminent 1
emotion 1
emotional 1
empowered 1
empowerment 1
enormous 1
enter 1
envisions 1
erroneous 1
eschatological 1
especially 1
establishes 1
eternal 1
eucharist 1
ever 1
everything 1
evidenced 1
evil 1
exaggeration 1
exaltation 1
excessive 1
existentialism 1
exorcise 1
exorcised 1
experience 1
expert 1
explicitly 1
expressed 1
expressions 1
external 1
face 1
facilitated 1
facilitating 1
facilitators 1
fail 1
failed 1
fair 1
fairly 1
fall 1
fascinated 1
fathers 1
feature 1
features 1
fell 1
few 1
fill 1
final 1
finding 1
finds 1
fitting 1
five 1
flaws 1
flexibility 1
floodtide 1
flowering 1
forces 1
forgotten 1
former 1
forms 1
found 1
foundation 1
foundations 1
founded 1
fragment 1
fragmented 1
fragments 1
free 1
freedom 1
frequently 1
fullness 1
functioning 1
gaining 1
gave 1
general 1
gilles 1
give 1
given 1
gives 1
glorious 1
good 1
grace 1
grain 1
grand 1
greater 1
greatness 1
greek 1
gross 1
guidance 1
hands 1
happy 1
hardness 1
headedness 1
healthiness 1
held 1
helpful 1
henceforth 1
heresies 1
heresy 1
heretic 1
heritage 1
hermeneutic 1
high 1
hinduism 1
historic 1
historical 1
hoeller 1
hold 1
holds 1
honor 1
hopeless 1
humankind 1
humans 1
hyleticism 1
iao 1
ideal 1
ignore 1
ii 1
illness 1
illuminating 1
illusion 1
illusory 1
illustrate 1
imperfect 1
imperfection 1
impermanence 1
implication 1
implied 1
implies 1
important 1
impossible 1
incomprehensibilities 1
increase 1
increasing 1
indicate 1
indicated 1
indicating 1
individuated 1
ineffable 1
influence 1
influences 1
inhabiting 1
inherent 1
initiate 1
initiation 1
insight 1
inspired 1
instructed 1
instrumental 1
instrumentality 1
insults 1
integral 1
intellectual 1
intellectualism 1
interior 1
internal 1
interpreter 1
intra 1
intrapsychic 1
inverse 1
involved 1
jehovah 1
joined 1
journal 1
joy 1
judeo 1
justification 1
kind 1
kingdom 1
knower 1
known 1
laboured 1
lack 1
languedoc 1
large 1
largely 1
later 1
latter 1
less 1
level 1
liberation 1
lifelong 1
lifetime 1
light 1
like 1
likeness 1
listeth 1
living 1
lodging 1
love 1
loving 1
made 1
mainstream 1
makes 1
malignancy 1
mani 1
manifest 1
manner 1
mara 1
margin 1
master 1
materialism 1
matrimony 1
matter 1
maya 1
mea 1
mean 1
meaningful 1
meanings 1
meant 1
member 1
mending 1
mental 1
messenger 1
methods 1
mighty 1
millennia 1
mingled 1
modern 1
modified 1
money 1
montanism 1
moral 1
moralizing 1
moreover 1
mores 1
move 1
movement 1
mustard 1
my 1
mysteries 1
mysterious 1
mythic 1
mythical 1
mythologem 1
mythological 1
narrow 1
nd 1
nearly 1
negated 1
neither 1
never 1
newly 1
none 1
nor 1
now 1
number 1
obsession 1
obsessive 1
obtuseness 1
occupied 1
offer 1
often 1
once 1
opposition 1
origen 1
originally 1
originated 1
orthodoxy 1
others 1
ourselves 1
outpouring 1
over 1
overall 1
overmuch 1
pages 1
paradigm 1
perceived 1
perfect 1
perfectly 1
perhaps 1
permanent 1
permanently 1
permission 1
person 1
personalities 1
personality 1
personally 1
perusing 1
perversity 1
philosophic 1
philosophical 1
piece 1
place 1
play 1
pleasures 1
plenum 1
poet 1
points 1
popular 1
positive 1
possess 1
postulating 1
powerful 1
powers 1
practiced 1
precepts 1
presents 1
preserved 1
preserving 1
prestige 1
priest 1
priests 1
primarily 1
prime 1
product 1
products 1
professed 1
professor 1
profitably 1
prominence 1
prominently 1
prophet 1
pseudo 1
psychical 1
psychism 1
psycho 1
psychologists 1
purpose 1
qualifications 1
question 1
questioned 1
quotes 1
rationale 1
recently 1
reckoned 1
recognized 1
rectified 1
reenter 1
referring 1
regressive 1
relating 1
relationship 1
relatively 1
religions 1
remain 1
remaining 1
remarkable 1
removed 1
removes 1
rendered 1
repentance 1
replaced 1
represents 1
reproduced 1
repudiate 1
repudiated 1
require 1
rescue 1
research 1
resembling 1
residence 1
resident 1
respected 1
respectively 1
resulted 1
reunification 1
reverence 1
ridden 1
rigidities 1
ritual 1
ritually 1
root 1
rule 1
runs 1
sacramental 1
sad 1
same 1
sands 1
save 1
saved 1
saviours 1
scattered 1
scholars 1
schools 1
scriptural 1
section 1
seed 1
seemed 1
sees 1
selfhood 1
semblance 1
semi 1
sense 1
separation 1
serenity 1
serve 1
serves 1
serving 1
set 1
seven 1
severs 1
shame 1
shifts 1
shoulders 1
shown 1
sick 1
sicknesses 1
signifying 1
similarly 1
since 1
societal 1
something 1
sometimes 1
somewhere 1
soteria 1
sovereign 1
space 1
speculate 1
splits 1
springing 1
stated 1
statements 1
states 1
stephan 1
story 1
structures 1
study 1
subjective 1
subsequent 1
substitute 1
succeeded 1
suffice 1
suffices 1
sufficient 1
superb 1
support 1
surfaced 1
symbolize 1
symbols 1
sympathetic 1
systematization 1
systems 1
taking 1
tantamount 1
task 1
teacher 1
teaching 1
technician 1
term 1
terrestrial 1
territory 1
terror 1
them 1
theodas 1
theological 1
theology 1
theosophical 1
thereby 1
thomas 1
thoroughly 1
thralldom 1
time 1
timeless 1
titanic 1
together 1
tradition 1
tragedies 1
transferred 1
transformation 1
transformations 1
transformed 1
translated 1
translator 1
treated 1
tree 1
tribute 1
triumphantly 1
truly 1
trying 1
turned 1
turning 1
ultimate 1
unconsciousness 1
undeniable 1
under 1
understand 1
undone 1
unequaled 1
unexplored 1
united 1
unity 1
universal 1
universally 1
universe 1
unknown 1
unlike 1
unredeemed 1
until 1
unto 1
upanishads 1
upon 1
various 1
versus 1
vicarious 1
virtually 1
virtues 1
vision 1
visit 1
vol 1
war 1
ways 1
weave 1
weight 1
western 1
whatever 1
whatsoever 1
whence 1
will 1
wisdom 1
work 1
works 1
worry 1
worshipful 1
written 1
wrongdoing 1
wrongness 1
wrote 1
